<?xml version="1.0" encoding="UTF-8"?>
<!-- Generated by org.testng.reporters.JUnitReportReporter -->
<testsuite hostname="Toumetiss-MacBook-Pro.local" failures="0" tests="2" name="testNGfiles.Annotations" time="0.008" errors="0" timestamp="29 Nov 2017 12:35:21 GMT" skipped="0">
  <testcase classname="testNGfiles.Annotations" name="ClickSignIn" time="0.002"/>
  <testcase classname="testNGfiles.Annotations" name="AOpeningBrowser" time="0.006"/>
</testsuite> <!-- testNGfiles.Annotations -->
